"PLAN_TABLE_OUTPUT"
"Plan hash value: 1722723703"
" "
"-----------------------------------------------------------------------------------------------------"
"| Id  | Operation                     | Name                | Rows  | Bytes | Cost (%CPU)| Time     |"
"-----------------------------------------------------------------------------------------------------"
"|   0 | SELECT STATEMENT              |                     |     1 |    26 |   904   (1)| 00:00:01 |"
"|   1 |  SORT AGGREGATE               |                     |     1 |    26 |            |          |"
"|*  2 |   FILTER                      |                     |       |       |            |          |"
"|   3 |    VIEW                       |                     |   202K|  5153K|   904   (1)| 00:00:01 |"
"|   4 |     UNION-ALL                 |                     |       |       |            |          |"
"|*  5 |      HASH JOIN RIGHT OUTER    |                     |   200K|  3522K|   452   (1)| 00:00:01 |"
"|   6 |       TABLE ACCESS FULL       | HOUSINGS            | 20000 |   253K|    22   (0)| 00:00:01 |"
"|   7 |       VIEW                    |                     |   200K|   978K|   429   (1)| 00:00:01 |"
"|   8 |        UNION-ALL              |                     |       |       |            |          |"
"|*  9 |         HASH JOIN RIGHT OUTER |                     |   200K|  2343K|   215   (1)| 00:00:01 |"
"|  10 |          TABLE ACCESS FULL    | FAMILIES            | 40000 |   390K|    27   (0)| 00:00:01 |"
"|  11 |          INDEX FAST FULL SCAN | VILLAGERS_BTREE_IDX |   200K|   390K|   187   (1)| 00:00:01 |"
"|* 12 |         HASH JOIN RIGHT ANTI  |                     |   400 |  4800 |   214   (1)| 00:00:01 |"
"|* 13 |          INDEX FAST FULL SCAN | VILLAGERS_BTREE_IDX | 40000 | 80000 |   187   (1)| 00:00:01 |"
"|  14 |          TABLE ACCESS FULL    | FAMILIES            | 40000 |   390K|    27   (0)| 00:00:01 |"
"|* 15 |      HASH JOIN ANTI           |                     |  2566 | 46188 |   452   (1)| 00:00:01 |"
"|  16 |       TABLE ACCESS FULL       | HOUSINGS            | 20000 |   253K|    22   (0)| 00:00:01 |"
"|  17 |       VIEW                    |                     |   200K|   978K|   429   (1)| 00:00:01 |"
"|  18 |        UNION-ALL              |                     |       |       |            |          |"
"|* 19 |         HASH JOIN RIGHT OUTER |                     |   200K|  2343K|   215   (1)| 00:00:01 |"
"|  20 |          TABLE ACCESS FULL    | FAMILIES            | 40000 |   390K|    27   (0)| 00:00:01 |"
"|  21 |          INDEX FAST FULL SCAN | VILLAGERS_BTREE_IDX |   200K|   390K|   187   (1)| 00:00:01 |"
"|* 22 |         HASH JOIN RIGHT ANTI  |                     |   400 |  4800 |   214   (1)| 00:00:01 |"
"|* 23 |          INDEX FAST FULL SCAN | VILLAGERS_BTREE_IDX | 40000 | 80000 |   187   (1)| 00:00:01 |"
"|  24 |          TABLE ACCESS FULL    | FAMILIES            | 40000 |   390K|    27   (0)| 00:00:01 |"
"|  25 |    BITMAP CONVERSION TO ROWIDS|                     |     1 |     5 |     2   (0)| 00:00:01 |"
"|* 26 |     BITMAP INDEX RANGE SCAN   | HOUSING_BITMAP_IDX  |       |       |            |          |"
"-----------------------------------------------------------------------------------------------------"
" "
"Predicate Information (identified by operation id):"
"---------------------------------------------------"
" "
"   2 - filter(""HOUSINGS"".""CONDITION"">0.8 OR  EXISTS (SELECT 0 FROM ""HOUSINGS"" ""HOUSINGS"" "
"              WHERE ""HOUSINGS"".""VILLAGE_ID"" IS NOT NULL AND ""HOUSINGS"".""VILLAGE_ID""=:B1 AND "
"              ""HOUSINGS"".""VILLAGE_ID""=:B2 AND ""HOUSINGS"".""VILLAGE_ID"" IS NOT NULL AND "
"              ""HOUSINGS"".""VILLAGE_ID""=:B3))"
"   5 - access(""FAMILIES"".""HOUSE_ID""=""HOUSINGS"".""HOUSE_ID""(+))"
"   9 - access(""VILLAGERS"".""FAMILY_ID""=""FAMILIES"".""FAMILY_ID""(+))"
"  12 - access(""VILLAGERS"".""FAMILY_ID""=""FAMILIES"".""FAMILY_ID"")"
"  13 - filter(""VILLAGERS"".""FAMILY_ID"" IS NOT NULL)"
"  15 - access(""FAMILIES"".""HOUSE_ID""=""HOUSINGS"".""HOUSE_ID"")"
"  19 - access(""VILLAGERS"".""FAMILY_ID""=""FAMILIES"".""FAMILY_ID""(+))"
"  22 - access(""VILLAGERS"".""FAMILY_ID""=""FAMILIES"".""FAMILY_ID"")"
"  23 - filter(""VILLAGERS"".""FAMILY_ID"" IS NOT NULL)"
"  26 - access(""HOUSINGS"".""VILLAGE_ID""=:B1)"
"       filter(""HOUSINGS"".""VILLAGE_ID"" IS NOT NULL AND ""HOUSINGS"".""VILLAGE_ID""=:B1)"
