"PLAN_TABLE_OUTPUT"
"Plan hash value: 1750725988"
" "
"---------------------------------------------------------------------------------------------------------"
"| Id  | Operation              | Name           | Rows  | Bytes | Cost (%CPU)| Time     | Pstart| Pstop |"
"---------------------------------------------------------------------------------------------------------"
"|   0 | DELETE STATEMENT       |                |   261 | 10701 |   516   (1)| 00:00:01 |       |       |"
"|   1 |  DELETE                | VILLAGERS_LIST |       |       |            |          |       |       |"
"|   2 |   PARTITION LIST ALL   |                |   261 | 10701 |   516   (1)| 00:00:01 |     1 |     2 |"
"|*  3 |    TABLE ACCESS FULL   | VILLAGERS_LIST |   261 | 10701 |   516   (1)| 00:00:01 |     1 |     2 |"
"|   4 |     SORT AGGREGATE     |                |     1 |     3 |            |          |       |       |"
"|   5 |      PARTITION LIST ALL|                |   104K|   306K|   514   (1)| 00:00:01 |     1 |     2 |"
"|   6 |       TABLE ACCESS FULL| VILLAGERS_LIST |   104K|   306K|   514   (1)| 00:00:01 |     1 |     2 |"
"---------------------------------------------------------------------------------------------------------"
" "
"Predicate Information (identified by operation id):"
"---------------------------------------------------"
" "
"   3 - filter(""GENDER""='female' AND ""FIRST_NAME""='Burnard' OR SUBSTR(""LAST_NAME"",2,3) NOT LIKE "
"              '%a' AND ""HAPINESS""< (SELECT SUM(""HAPINESS"")/COUNT(""HAPINESS"") FROM ""VILLAGERS_LIST"" "
"              ""VILLAGERS_LIST""))"
