"PLAN_TABLE_OUTPUT"
"Plan hash value: 203315917"
" "
"----------------------------------------------------------------------------------------------------"
"| Id  | Operation                        | Name            | Rows  | Bytes | Cost (%CPU)| Time     |"
"----------------------------------------------------------------------------------------------------"
"|   0 | UPDATE STATEMENT                 |                 | 69200 |   675K| 90781   (1)| 00:00:04 |"
"|   1 |  UPDATE                          | VILLAGES        |       |       |            |          |"
"|   2 |   TABLE ACCESS FULL              | VILLAGES        | 69200 |   675K|   136   (0)| 00:00:01 |"
"|   3 |   SORT AGGREGATE                 |                 |     1 |    13 |            |          |"
"|   4 |    VIEW                          | VW_ORE_F9660E7D |  7364 | 95732 | 90644   (1)| 00:00:04 |"
"|   5 |     UNION-ALL                    |                 |       |       |            |          |"
"|*  6 |      HASH JOIN                   |                 |  5641 |   132K|   239   (1)| 00:00:01 |"
"|*  7 |       TABLE ACCESS FULL          | LOCATIONS       |  3510 | 31590 |   103   (1)| 00:00:01 |"
"|   8 |        SORT AGGREGATE            |                 |     1 |     4 |            |          |"
"|   9 |         TABLE ACCESS FULL        | LOCATIONS       | 70200 |   274K|   103   (1)| 00:00:01 |"
"|  10 |       TABLE ACCESS FULL          | VILLAGES        | 69200 |  1013K|   137   (1)| 00:00:01 |"
"|* 11 |      FILTER                      |                 |       |       |            |          |"
"|* 12 |       HASH JOIN SEMI             |                 |  1723 | 70643 |   160   (2)| 00:00:01 |"
"|* 13 |        TABLE ACCESS FULL         | VILLAGES        |  1723 | 62028 |   137   (1)| 00:00:01 |"
"|* 14 |        TABLE ACCESS FULL         | HOUSINGS        | 20000 |    97K|    22   (0)| 00:00:01 |"
"|* 15 |       TABLE ACCESS BY INDEX ROWID| LOCATIONS       |     1 |     9 |     2   (0)| 00:00:01 |"
"|* 16 |        INDEX UNIQUE SCAN         | LOCATIONS_PK    |     1 |       |     1   (0)| 00:00:01 |"
"|  17 |        SORT AGGREGATE            |                 |     1 |     4 |            |          |"
"|  18 |         TABLE ACCESS FULL        | LOCATIONS       | 70200 |   274K|   103   (1)| 00:00:01 |"
"----------------------------------------------------------------------------------------------------"
" "
"Predicate Information (identified by operation id):"
"---------------------------------------------------"
" "
"   6 - access(""LOCATION_ID""=""LOCATION_ID"")"
"   7 - filter(""NUMBER_OF_TREES""> (SELECT SUM(""NUMBER_OF_TREES"")/COUNT(""NUMBER_OF_TREES"") "
"              FROM ""LOCATIONS"" ""LOCATIONS""))"
"  11 - filter(LNNVL( EXISTS (SELECT 0 FROM ""LOCATIONS"" ""LOCATIONS"" WHERE ""LOCATION_ID""=:B1 "
"              AND ""NUMBER_OF_TREES""> (SELECT SUM(""NUMBER_OF_TREES"")/COUNT(""NUMBER_OF_TREES"") FROM "
"              ""LOCATIONS"" ""LOCATIONS""))))"
"  12 - access(""VILLAGES"".""VILLAGE_ID""=""HOUSINGS"".""VILLAGE_ID"")"
"  13 - filter(""HOSPITAL""<>'false' AND SUBSTR(""VILLAGE_NAME"",2,3) LIKE '%aji%')"
"  14 - filter(""HOUSINGS"".""VILLAGE_ID"" IS NOT NULL)"
"  15 - filter(""NUMBER_OF_TREES""> (SELECT SUM(""NUMBER_OF_TREES"")/COUNT(""NUMBER_OF_TREES"") "
"              FROM ""LOCATIONS"" ""LOCATIONS""))"
"  16 - access(""LOCATION_ID""=:B1)"
