"PLAN_TABLE_OUTPUT"
"Plan hash value: 3735782142"
" "
"----------------------------------------------------------------------------------"
"| Id  | Operation            | Name      | Rows  | Bytes | Cost (%CPU)| Time     |"
"----------------------------------------------------------------------------------"
"|   0 | DELETE STATEMENT     |           |   261 | 10701 |   378   (1)| 00:00:01 |"
"|   1 |  DELETE              | VILLAGERS |       |       |            |          |"
"|*  2 |   TABLE ACCESS FULL  | VILLAGERS |   261 | 10701 |   378   (1)| 00:00:01 |"
"|   3 |    SORT AGGREGATE    |           |     1 |     3 |            |          |"
"|   4 |     TABLE ACCESS FULL| VILLAGERS |   104K|   306K|   376   (1)| 00:00:01 |"
"----------------------------------------------------------------------------------"
" "
"Predicate Information (identified by operation id):"
"---------------------------------------------------"
" "
"   2 - filter(""GENDER""='female' AND ""FIRST_NAME""='Burnard' OR "
"              SUBSTR(""LAST_NAME"",2,3) NOT LIKE '%a' AND ""HAPINESS""< (SELECT "
"              SUM(""HAPINESS"")/COUNT(""HAPINESS"") FROM ""VILLAGERS"" ""VILLAGERS""))"
