"PLAN_TABLE_OUTPUT"
"Plan hash value: 3227644897"
" "
"--------------------------------------------------------------------------------------------------------------------------------"
"| Id  | Operation                             | Name           | Rows  | Bytes |TempSpc| Cost (%CPU)| Time     | Pstart| Pstop |"
"--------------------------------------------------------------------------------------------------------------------------------"
"|   0 | SELECT STATEMENT                      |                |     1 |    52 |       | 29256   (1)| 00:00:02 |       |       |"
"|   1 |  SORT AGGREGATE                       |                |     1 |    52 |       |            |          |       |       |"
"|*  2 |   FILTER                              |                |       |       |       |            |          |       |       |"
"|   3 |    VIEW                               |                |   297K|    14M|       | 29256   (1)| 00:00:02 |       |       |"
"|   4 |     UNION-ALL                         |                |       |       |       |            |          |       |       |"
"|*  5 |      HASH JOIN RIGHT OUTER            |                |   270K|    13M|  1376K| 15044   (1)| 00:00:01 |       |       |"
"|   6 |       TABLE ACCESS FULL               | LOCATIONS      | 70200 |   548K|       |   103   (1)| 00:00:01 |       |       |"
"|   7 |       VIEW                            |                |   270K|    11M|       | 14157   (1)| 00:00:01 |       |       |"
"|   8 |        UNION-ALL                      |                |       |       |       |            |          |       |       |"
"|*  9 |         HASH JOIN RIGHT OUTER         |                |   215K|    10M|  2168K|  7212   (1)| 00:00:01 |       |       |"
"|  10 |          TABLE ACCESS FULL            | VILLAGES       | 69200 |  1351K|       |   137   (1)| 00:00:01 |       |       |"
"|  11 |          VIEW                         |                |   215K|  6514K|       |  6531   (1)| 00:00:01 |       |       |"
"|  12 |           UNION-ALL                   |                |       |       |       |            |          |       |       |"
"|* 13 |            HASH JOIN RIGHT OUTER      |                |   212K|  8513K|       |  3267   (1)| 00:00:01 |       |       |"
"|  14 |             PARTITION RANGE ALL       |                | 20000 |   195K|       |  1024   (1)| 00:00:01 |     1 |     4 |"
"|  15 |              TABLE ACCESS FULL        | HOUSINGS_RANGE | 20000 |   195K|       |  1024   (1)| 00:00:01 |     1 |     4 |"
"|  16 |             VIEW                      |                |   212K|  6436K|       |  2243   (1)| 00:00:01 |       |       |"
"|  17 |              UNION-ALL                |                |       |       |       |            |          |       |       |"
"|* 18 |               HASH JOIN RIGHT OUTER   |                |   172K|  8260K|       |  1123   (1)| 00:00:01 |       |       |"
"|  19 |                TABLE ACCESS FULL      | FAMILIES       | 40000 |   390K|       |    27   (0)| 00:00:01 |       |       |"
"|  20 |                VIEW                   |                |   172K|  6574K|       |  1095   (1)| 00:00:01 |       |       |"
"|  21 |                 UNION-ALL             |                |       |       |       |            |          |       |       |"
"|  22 |                  NESTED LOOPS OUTER   |                |   104K|  1327K|       |   518   (1)| 00:00:01 |       |       |"
"|  23 |                   PARTITION LIST ALL  |                |   104K|   816K|       |   514   (1)| 00:00:01 |     1 |     2 |"
"|  24 |                    TABLE ACCESS FULL  | VILLAGERS_LIST |   104K|   816K|       |   514   (1)| 00:00:01 |     1 |     2 |"
"|* 25 |                   INDEX UNIQUE SCAN   | ANIMALS_PK     |     1 |     5 |       |     0   (0)| 00:00:01 |       |       |"
"|* 26 |                  HASH JOIN RIGHT ANTI |                | 68069 |   598K|       |   577   (1)| 00:00:01 |       |       |"
"|  27 |                   PARTITION LIST ALL  |                | 59484 |   232K|       |   514   (1)| 00:00:01 |     1 |     2 |"
"|* 28 |                    TABLE ACCESS FULL  | VILLAGERS_LIST | 59484 |   232K|       |   514   (1)| 00:00:01 |     1 |     2 |"
"|  29 |                   INDEX FAST FULL SCAN| ANIMALS_PK     |   114K|   556K|       |    62   (0)| 00:00:01 |       |       |"
"|* 30 |               HASH JOIN ANTI          |                | 39999 |   898K|       |  1120   (1)| 00:00:01 |       |       |"
"|  31 |                TABLE ACCESS FULL      | FAMILIES       | 40000 |   390K|       |    27   (0)| 00:00:01 |       |       |"
"|  32 |                VIEW                   |                |   172K|  2191K|       |  1092   (1)| 00:00:01 |       |       |"
"|  33 |                 UNION-ALL             |                |       |       |       |            |          |       |       |"
"|  34 |                  PARTITION LIST ALL   |                |   104K|   204K|       |   514   (1)| 00:00:01 |     1 |     2 |"
"|  35 |                   TABLE ACCESS FULL   | VILLAGERS_LIST |   104K|   204K|       |   514   (1)| 00:00:01 |     1 |     2 |"
"|* 36 |                  HASH JOIN RIGHT ANTI |                | 68069 |   598K|       |   577   (1)| 00:00:01 |       |       |"
"|  37 |                   PARTITION LIST ALL  |                | 59484 |   232K|       |   514   (1)| 00:00:01 |     1 |     2 |"
"|* 38 |                    TABLE ACCESS FULL  | VILLAGERS_LIST | 59484 |   232K|       |   514   (1)| 00:00:01 |     1 |     2 |"
"|  39 |                   INDEX FAST FULL SCAN| ANIMALS_PK     |   114K|   556K|       |    62   (0)| 00:00:01 |       |       |"
"|* 40 |            HASH JOIN ANTI             |                |  2566 | 38490 |       |  3264   (1)| 00:00:01 |       |       |"
"|  41 |             PARTITION RANGE ALL       |                | 20000 |   195K|       |  1024   (1)| 00:00:01 |     1 |     4 |"
"|  42 |              TABLE ACCESS FULL        | HOUSINGS_RANGE | 20000 |   195K|       |  1024   (1)| 00:00:01 |     1 |     4 |"
"|  43 |             VIEW                      |                |   212K|  1038K|       |  2239   (1)| 00:00:01 |       |       |"
"|  44 |              UNION-ALL                |                |       |       |       |            |          |       |       |"
"|* 45 |               HASH JOIN RIGHT OUTER   |                |   172K|  3877K|       |  1120   (1)| 00:00:01 |       |       |"
"|  46 |                TABLE ACCESS FULL      | FAMILIES       | 40000 |   390K|       |    27   (0)| 00:00:01 |       |       |"
"|  47 |                VIEW                   |                |   172K|  2191K|       |  1092   (1)| 00:00:01 |       |       |"
"|  48 |                 UNION-ALL             |                |       |       |       |            |          |       |       |"
"|  49 |                  PARTITION LIST ALL   |                |   104K|   204K|       |   514   (1)| 00:00:01 |     1 |     2 |"
"|  50 |                   TABLE ACCESS FULL   | VILLAGERS_LIST |   104K|   204K|       |   514   (1)| 00:00:01 |     1 |     2 |"
"|* 51 |                  HASH JOIN RIGHT ANTI |                | 68069 |   598K|       |   577   (1)| 00:00:01 |       |       |"
"|  52 |                   PARTITION LIST ALL  |                | 59484 |   232K|       |   514   (1)| 00:00:01 |     1 |     2 |"
"|* 53 |                    TABLE ACCESS FULL  | VILLAGERS_LIST | 59484 |   232K|       |   514   (1)| 00:00:01 |     1 |     2 |"
"|  54 |                   INDEX FAST FULL SCAN| ANIMALS_PK     |   114K|   556K|       |    62   (0)| 00:00:01 |       |       |"
"|* 55 |               HASH JOIN ANTI          |                | 39999 |   898K|       |  1120   (1)| 00:00:01 |       |       |"
"|  56 |                TABLE ACCESS FULL      | FAMILIES       | 40000 |   390K|       |    27   (0)| 00:00:01 |       |       |"
"|  57 |                VIEW                   |                |   172K|  2191K|       |  1092   (1)| 00:00:01 |       |       |"
"|  58 |                 UNION-ALL             |                |       |       |       |            |          |       |       |"
"|  59 |                  PARTITION LIST ALL   |                |   104K|   204K|       |   514   (1)| 00:00:01 |     1 |     2 |"
"|  60 |                   TABLE ACCESS FULL   | VILLAGERS_LIST |   104K|   204K|       |   514   (1)| 00:00:01 |     1 |     2 |"
"|* 61 |                  HASH JOIN RIGHT ANTI |                | 68069 |   598K|       |   577   (1)| 00:00:01 |       |       |"
"|  62 |                   PARTITION LIST ALL  |                | 59484 |   232K|       |   514   (1)| 00:00:01 |     1 |     2 |"
"|* 63 |                    TABLE ACCESS FULL  | VILLAGERS_LIST | 59484 |   232K|       |   514   (1)| 00:00:01 |     1 |     2 |"
"|  64 |                   INDEX FAST FULL SCAN| ANIMALS_PK     |   114K|   556K|       |    62   (0)| 00:00:01 |       |       |"
"|* 65 |         HASH JOIN ANTI                |                | 54811 |  1338K|  2168K|  6945   (1)| 00:00:01 |       |       |"
"|  66 |          TABLE ACCESS FULL            | VILLAGES       | 69200 |  1351K|       |   137   (1)| 00:00:01 |       |       |"
"|  67 |          VIEW                         |                |   215K|  1050K|       |  6528   (1)| 00:00:01 |       |       |"
"|  68 |           UNION-ALL                   |                |       |       |       |            |          |       |       |"
"|* 69 |            HASH JOIN RIGHT OUTER      |                |   212K|  3114K|       |  3264   (1)| 00:00:01 |       |       |"
"|  70 |             PARTITION RANGE ALL       |                | 20000 |   195K|       |  1024   (1)| 00:00:01 |     1 |     4 |"
"|  71 |              TABLE ACCESS FULL        | HOUSINGS_RANGE | 20000 |   195K|       |  1024   (1)| 00:00:01 |     1 |     4 |"
"|  72 |             VIEW                      |                |   212K|  1038K|       |  2239   (1)| 00:00:01 |       |       |"
"|  73 |              UNION-ALL                |                |       |       |       |            |          |       |       |"
"|* 74 |               HASH JOIN RIGHT OUTER   |                |   172K|  3877K|       |  1120   (1)| 00:00:01 |       |       |"
"|  75 |                TABLE ACCESS FULL      | FAMILIES       | 40000 |   390K|       |    27   (0)| 00:00:01 |       |       |"
"|  76 |                VIEW                   |                |   172K|  2191K|       |  1092   (1)| 00:00:01 |       |       |"
"|  77 |                 UNION-ALL             |                |       |       |       |            |          |       |       |"
"|  78 |                  PARTITION LIST ALL   |                |   104K|   204K|       |   514   (1)| 00:00:01 |     1 |     2 |"
"|  79 |                   TABLE ACCESS FULL   | VILLAGERS_LIST |   104K|   204K|       |   514   (1)| 00:00:01 |     1 |     2 |"
"|* 80 |                  HASH JOIN RIGHT ANTI |                | 68069 |   598K|       |   577   (1)| 00:00:01 |       |       |"
"|  81 |                   PARTITION LIST ALL  |                | 59484 |   232K|       |   514   (1)| 00:00:01 |     1 |     2 |"
"|* 82 |                    TABLE ACCESS FULL  | VILLAGERS_LIST | 59484 |   232K|       |   514   (1)| 00:00:01 |     1 |     2 |"
"|  83 |                   INDEX FAST FULL SCAN| ANIMALS_PK     |   114K|   556K|       |    62   (0)| 00:00:01 |       |       |"
"|* 84 |               HASH JOIN ANTI          |                | 39999 |   898K|       |  1120   (1)| 00:00:01 |       |       |"
"|  85 |                TABLE ACCESS FULL      | FAMILIES       | 40000 |   390K|       |    27   (0)| 00:00:01 |       |       |"
"|  86 |                VIEW                   |                |   172K|  2191K|       |  1092   (1)| 00:00:01 |       |       |"
"|  87 |                 UNION-ALL             |                |       |       |       |            |          |       |       |"
"|  88 |                  PARTITION LIST ALL   |                |   104K|   204K|       |   514   (1)| 00:00:01 |     1 |     2 |"
"|  89 |                   TABLE ACCESS FULL   | VILLAGERS_LIST |   104K|   204K|       |   514   (1)| 00:00:01 |     1 |     2 |"
"|* 90 |                  HASH JOIN RIGHT ANTI |                | 68069 |   598K|       |   577   (1)| 00:00:01 |       |       |"
"|  91 |                   PARTITION LIST ALL  |                | 59484 |   232K|       |   514   (1)| 00:00:01 |     1 |     2 |"
"|* 92 |                    TABLE ACCESS FULL  | VILLAGERS_LIST | 59484 |   232K|       |   514   (1)| 00:00:01 |     1 |     2 |"
"|  93 |                   INDEX FAST FULL SCAN| ANIMALS_PK     |   114K|   556K|       |    62   (0)| 00:00:01 |       |       |"
"|* 94 |            HASH JOIN ANTI             |                |  2566 | 38490 |       |  3264   (1)| 00:00:01 |       |       |"
"|  95 |             PARTITION RANGE ALL       |                | 20000 |   195K|       |  1024   (1)| 00:00:01 |     1 |     4 |"
"|  96 |              TABLE ACCESS FULL        | HOUSINGS_RANGE | 20000 |   195K|       |  1024   (1)| 00:00:01 |     1 |     4 |"
"|  97 |             VIEW                      |                |   212K|  1038K|       |  2239   (1)| 00:00:01 |       |       |"
"|  98 |              UNION-ALL                |                |       |       |       |            |          |       |       |"
"|* 99 |               HASH JOIN RIGHT OUTER   |                |   172K|  3877K|       |  1120   (1)| 00:00:01 |       |       |"
"| 100 |                TABLE ACCESS FULL      | FAMILIES       | 40000 |   390K|       |    27   (0)| 00:00:01 |       |       |"
"| 101 |                VIEW                   |                |   172K|  2191K|       |  1092   (1)| 00:00:01 |       |       |"
"| 102 |                 UNION-ALL             |                |       |       |       |            |          |       |       |"
"| 103 |                  PARTITION LIST ALL   |                |   104K|   204K|       |   514   (1)| 00:00:01 |     1 |     2 |"
"| 104 |                   TABLE ACCESS FULL   | VILLAGERS_LIST |   104K|   204K|       |   514   (1)| 00:00:01 |     1 |     2 |"
"|*105 |                  HASH JOIN RIGHT ANTI |                | 68069 |   598K|       |   577   (1)| 00:00:01 |       |       |"
"| 106 |                   PARTITION LIST ALL  |                | 59484 |   232K|       |   514   (1)| 00:00:01 |     1 |     2 |"
"|*107 |                    TABLE ACCESS FULL  | VILLAGERS_LIST | 59484 |   232K|       |   514   (1)| 00:00:01 |     1 |     2 |"
"| 108 |                   INDEX FAST FULL SCAN| ANIMALS_PK     |   114K|   556K|       |    62   (0)| 00:00:01 |       |       |"
"|*109 |               HASH JOIN ANTI          |                | 39999 |   898K|       |  1120   (1)| 00:00:01 |       |       |"
"| 110 |                TABLE ACCESS FULL      | FAMILIES       | 40000 |   390K|       |    27   (0)| 00:00:01 |       |       |"
"| 111 |                VIEW                   |                |   172K|  2191K|       |  1092   (1)| 00:00:01 |       |       |"
"| 112 |                 UNION-ALL             |                |       |       |       |            |          |       |       |"
"| 113 |                  PARTITION LIST ALL   |                |   104K|   204K|       |   514   (1)| 00:00:01 |     1 |     2 |"
"| 114 |                   TABLE ACCESS FULL   | VILLAGERS_LIST |   104K|   204K|       |   514   (1)| 00:00:01 |     1 |     2 |"
"|*115 |                  HASH JOIN RIGHT ANTI |                | 68069 |   598K|       |   577   (1)| 00:00:01 |       |       |"
"| 116 |                   PARTITION LIST ALL  |                | 59484 |   232K|       |   514   (1)| 00:00:01 |     1 |     2 |"
"|*117 |                    TABLE ACCESS FULL  | VILLAGERS_LIST | 59484 |   232K|       |   514   (1)| 00:00:01 |     1 |     2 |"
"| 118 |                   INDEX FAST FULL SCAN| ANIMALS_PK     |   114K|   556K|       |    62   (0)| 00:00:01 |       |       |"
"|*119 |      HASH JOIN ANTI                   |                | 27144 |   344K|  1376K| 14212   (1)| 00:00:01 |       |       |"
"| 120 |       TABLE ACCESS FULL               | LOCATIONS      | 70200 |   548K|       |   102   (0)| 00:00:01 |       |       |"
"| 121 |       VIEW                            |                |   270K|  1318K|       | 13824   (1)| 00:00:01 |       |       |"
"| 122 |        UNION-ALL                      |                |       |       |       |            |          |       |       |"
"|*123 |         HASH JOIN RIGHT OUTER         |                |   215K|  3152K|  1488K|  6912   (1)| 00:00:01 |       |       |"
"| 124 |          TABLE ACCESS FULL            | VILLAGES       | 69200 |   675K|       |   137   (1)| 00:00:01 |       |       |"
"| 125 |          VIEW                         |                |   215K|  1050K|       |  6528   (1)| 00:00:01 |       |       |"
"| 126 |           UNION-ALL                   |                |       |       |       |            |          |       |       |"
"|*127 |            HASH JOIN RIGHT OUTER      |                |   212K|  3114K|       |  3264   (1)| 00:00:01 |       |       |"
"| 128 |             PARTITION RANGE ALL       |                | 20000 |   195K|       |  1024   (1)| 00:00:01 |     1 |     4 |"
"| 129 |              TABLE ACCESS FULL        | HOUSINGS_RANGE | 20000 |   195K|       |  1024   (1)| 00:00:01 |     1 |     4 |"
"| 130 |             VIEW                      |                |   212K|  1038K|       |  2239   (1)| 00:00:01 |       |       |"
"| 131 |              UNION-ALL                |                |       |       |       |            |          |       |       |"
"|*132 |               HASH JOIN RIGHT OUTER   |                |   172K|  3877K|       |  1120   (1)| 00:00:01 |       |       |"
"| 133 |                TABLE ACCESS FULL      | FAMILIES       | 40000 |   390K|       |    27   (0)| 00:00:01 |       |       |"
"| 134 |                VIEW                   |                |   172K|  2191K|       |  1092   (1)| 00:00:01 |       |       |"
"| 135 |                 UNION-ALL             |                |       |       |       |            |          |       |       |"
"| 136 |                  PARTITION LIST ALL   |                |   104K|   204K|       |   514   (1)| 00:00:01 |     1 |     2 |"
"| 137 |                   TABLE ACCESS FULL   | VILLAGERS_LIST |   104K|   204K|       |   514   (1)| 00:00:01 |     1 |     2 |"
"|*138 |                  HASH JOIN RIGHT ANTI |                | 68069 |   598K|       |   577   (1)| 00:00:01 |       |       |"
"| 139 |                   PARTITION LIST ALL  |                | 59484 |   232K|       |   514   (1)| 00:00:01 |     1 |     2 |"
"|*140 |                    TABLE ACCESS FULL  | VILLAGERS_LIST | 59484 |   232K|       |   514   (1)| 00:00:01 |     1 |     2 |"
"| 141 |                   INDEX FAST FULL SCAN| ANIMALS_PK     |   114K|   556K|       |    62   (0)| 00:00:01 |       |       |"
"|*142 |               HASH JOIN ANTI          |                | 39999 |   898K|       |  1120   (1)| 00:00:01 |       |       |"
"| 143 |                TABLE ACCESS FULL      | FAMILIES       | 40000 |   390K|       |    27   (0)| 00:00:01 |       |       |"
"| 144 |                VIEW                   |                |   172K|  2191K|       |  1092   (1)| 00:00:01 |       |       |"
"| 145 |                 UNION-ALL             |                |       |       |       |            |          |       |       |"
"| 146 |                  PARTITION LIST ALL   |                |   104K|   204K|       |   514   (1)| 00:00:01 |     1 |     2 |"
"| 147 |                   TABLE ACCESS FULL   | VILLAGERS_LIST |   104K|   204K|       |   514   (1)| 00:00:01 |     1 |     2 |"
"|*148 |                  HASH JOIN RIGHT ANTI |                | 68069 |   598K|       |   577   (1)| 00:00:01 |       |       |"
"| 149 |                   PARTITION LIST ALL  |                | 59484 |   232K|       |   514   (1)| 00:00:01 |     1 |     2 |"
"|*150 |                    TABLE ACCESS FULL  | VILLAGERS_LIST | 59484 |   232K|       |   514   (1)| 00:00:01 |     1 |     2 |"
"| 151 |                   INDEX FAST FULL SCAN| ANIMALS_PK     |   114K|   556K|       |    62   (0)| 00:00:01 |       |       |"
"|*152 |            HASH JOIN ANTI             |                |  2566 | 38490 |       |  3264   (1)| 00:00:01 |       |       |"
"| 153 |             PARTITION RANGE ALL       |                | 20000 |   195K|       |  1024   (1)| 00:00:01 |     1 |     4 |"
"| 154 |              TABLE ACCESS FULL        | HOUSINGS_RANGE | 20000 |   195K|       |  1024   (1)| 00:00:01 |     1 |     4 |"
"| 155 |             VIEW                      |                |   212K|  1038K|       |  2239   (1)| 00:00:01 |       |       |"
"| 156 |              UNION-ALL                |                |       |       |       |            |          |       |       |"
"|*157 |               HASH JOIN RIGHT OUTER   |                |   172K|  3877K|       |  1120   (1)| 00:00:01 |       |       |"
"| 158 |                TABLE ACCESS FULL      | FAMILIES       | 40000 |   390K|       |    27   (0)| 00:00:01 |       |       |"
"| 159 |                VIEW                   |                |   172K|  2191K|       |  1092   (1)| 00:00:01 |       |       |"
"| 160 |                 UNION-ALL             |                |       |       |       |            |          |       |       |"
"| 161 |                  PARTITION LIST ALL   |                |   104K|   204K|       |   514   (1)| 00:00:01 |     1 |     2 |"
"| 162 |                   TABLE ACCESS FULL   | VILLAGERS_LIST |   104K|   204K|       |   514   (1)| 00:00:01 |     1 |     2 |"
"|*163 |                  HASH JOIN RIGHT ANTI |                | 68069 |   598K|       |   577   (1)| 00:00:01 |       |       |"
"| 164 |                   PARTITION LIST ALL  |                | 59484 |   232K|       |   514   (1)| 00:00:01 |     1 |     2 |"
"|*165 |                    TABLE ACCESS FULL  | VILLAGERS_LIST | 59484 |   232K|       |   514   (1)| 00:00:01 |     1 |     2 |"
"| 166 |                   INDEX FAST FULL SCAN| ANIMALS_PK     |   114K|   556K|       |    62   (0)| 00:00:01 |       |       |"
"|*167 |               HASH JOIN ANTI          |                | 39999 |   898K|       |  1120   (1)| 00:00:01 |       |       |"
"| 168 |                TABLE ACCESS FULL      | FAMILIES       | 40000 |   390K|       |    27   (0)| 00:00:01 |       |       |"
"| 169 |                VIEW                   |                |   172K|  2191K|       |  1092   (1)| 00:00:01 |       |       |"
"| 170 |                 UNION-ALL             |                |       |       |       |            |          |       |       |"
"| 171 |                  PARTITION LIST ALL   |                |   104K|   204K|       |   514   (1)| 00:00:01 |     1 |     2 |"
"| 172 |                   TABLE ACCESS FULL   | VILLAGERS_LIST |   104K|   204K|       |   514   (1)| 00:00:01 |     1 |     2 |"
"|*173 |                  HASH JOIN RIGHT ANTI |                | 68069 |   598K|       |   577   (1)| 00:00:01 |       |       |"
"| 174 |                   PARTITION LIST ALL  |                | 59484 |   232K|       |   514   (1)| 00:00:01 |     1 |     2 |"
"|*175 |                    TABLE ACCESS FULL  | VILLAGERS_LIST | 59484 |   232K|       |   514   (1)| 00:00:01 |     1 |     2 |"
"| 176 |                   INDEX FAST FULL SCAN| ANIMALS_PK     |   114K|   556K|       |    62   (0)| 00:00:01 |       |       |"
"|*177 |         HASH JOIN ANTI                |                | 54811 |   802K|  1488K|  6912   (1)| 00:00:01 |       |       |"
"| 178 |          TABLE ACCESS FULL            | VILLAGES       | 69200 |   675K|       |   137   (1)| 00:00:01 |       |       |"
"| 179 |          VIEW                         |                |   215K|  1050K|       |  6528   (1)| 00:00:01 |       |       |"
"| 180 |           UNION-ALL                   |                |       |       |       |            |          |       |       |"
"|*181 |            HASH JOIN RIGHT OUTER      |                |   212K|  3114K|       |  3264   (1)| 00:00:01 |       |       |"
"| 182 |             PARTITION RANGE ALL       |                | 20000 |   195K|       |  1024   (1)| 00:00:01 |     1 |     4 |"
"| 183 |              TABLE ACCESS FULL        | HOUSINGS_RANGE | 20000 |   195K|       |  1024   (1)| 00:00:01 |     1 |     4 |"
"| 184 |             VIEW                      |                |   212K|  1038K|       |  2239   (1)| 00:00:01 |       |       |"
"| 185 |              UNION-ALL                |                |       |       |       |            |          |       |       |"
"|*186 |               HASH JOIN RIGHT OUTER   |                |   172K|  3877K|       |  1120   (1)| 00:00:01 |       |       |"
"| 187 |                TABLE ACCESS FULL      | FAMILIES       | 40000 |   390K|       |    27   (0)| 00:00:01 |       |       |"
"| 188 |                VIEW                   |                |   172K|  2191K|       |  1092   (1)| 00:00:01 |       |       |"
"| 189 |                 UNION-ALL             |                |       |       |       |            |          |       |       |"
"| 190 |                  PARTITION LIST ALL   |                |   104K|   204K|       |   514   (1)| 00:00:01 |     1 |     2 |"
"| 191 |                   TABLE ACCESS FULL   | VILLAGERS_LIST |   104K|   204K|       |   514   (1)| 00:00:01 |     1 |     2 |"
"|*192 |                  HASH JOIN RIGHT ANTI |                | 68069 |   598K|       |   577   (1)| 00:00:01 |       |       |"
"| 193 |                   PARTITION LIST ALL  |                | 59484 |   232K|       |   514   (1)| 00:00:01 |     1 |     2 |"
"|*194 |                    TABLE ACCESS FULL  | VILLAGERS_LIST | 59484 |   232K|       |   514   (1)| 00:00:01 |     1 |     2 |"
"| 195 |                   INDEX FAST FULL SCAN| ANIMALS_PK     |   114K|   556K|       |    62   (0)| 00:00:01 |       |       |"
"|*196 |               HASH JOIN ANTI          |                | 39999 |   898K|       |  1120   (1)| 00:00:01 |       |       |"
"| 197 |                TABLE ACCESS FULL      | FAMILIES       | 40000 |   390K|       |    27   (0)| 00:00:01 |       |       |"
"| 198 |                VIEW                   |                |   172K|  2191K|       |  1092   (1)| 00:00:01 |       |       |"
"| 199 |                 UNION-ALL             |                |       |       |       |            |          |       |       |"
"| 200 |                  PARTITION LIST ALL   |                |   104K|   204K|       |   514   (1)| 00:00:01 |     1 |     2 |"
"| 201 |                   TABLE ACCESS FULL   | VILLAGERS_LIST |   104K|   204K|       |   514   (1)| 00:00:01 |     1 |     2 |"
"|*202 |                  HASH JOIN RIGHT ANTI |                | 68069 |   598K|       |   577   (1)| 00:00:01 |       |       |"
"| 203 |                   PARTITION LIST ALL  |                | 59484 |   232K|       |   514   (1)| 00:00:01 |     1 |     2 |"
"|*204 |                    TABLE ACCESS FULL  | VILLAGERS_LIST | 59484 |   232K|       |   514   (1)| 00:00:01 |     1 |     2 |"
"| 205 |                   INDEX FAST FULL SCAN| ANIMALS_PK     |   114K|   556K|       |    62   (0)| 00:00:01 |       |       |"
"|*206 |            HASH JOIN ANTI             |                |  2566 | 38490 |       |  3264   (1)| 00:00:01 |       |       |"
"| 207 |             PARTITION RANGE ALL       |                | 20000 |   195K|       |  1024   (1)| 00:00:01 |     1 |     4 |"
"| 208 |              TABLE ACCESS FULL        | HOUSINGS_RANGE | 20000 |   195K|       |  1024   (1)| 00:00:01 |     1 |     4 |"
"| 209 |             VIEW                      |                |   212K|  1038K|       |  2239   (1)| 00:00:01 |       |       |"
"| 210 |              UNION-ALL                |                |       |       |       |            |          |       |       |"
"|*211 |               HASH JOIN RIGHT OUTER   |                |   172K|  3877K|       |  1120   (1)| 00:00:01 |       |       |"
"| 212 |                TABLE ACCESS FULL      | FAMILIES       | 40000 |   390K|       |    27   (0)| 00:00:01 |       |       |"
"| 213 |                VIEW                   |                |   172K|  2191K|       |  1092   (1)| 00:00:01 |       |       |"
"| 214 |                 UNION-ALL             |                |       |       |       |            |          |       |       |"
"| 215 |                  PARTITION LIST ALL   |                |   104K|   204K|       |   514   (1)| 00:00:01 |     1 |     2 |"
"| 216 |                   TABLE ACCESS FULL   | VILLAGERS_LIST |   104K|   204K|       |   514   (1)| 00:00:01 |     1 |     2 |"
"|*217 |                  HASH JOIN RIGHT ANTI |                | 68069 |   598K|       |   577   (1)| 00:00:01 |       |       |"
"| 218 |                   PARTITION LIST ALL  |                | 59484 |   232K|       |   514   (1)| 00:00:01 |     1 |     2 |"
"|*219 |                    TABLE ACCESS FULL  | VILLAGERS_LIST | 59484 |   232K|       |   514   (1)| 00:00:01 |     1 |     2 |"
"| 220 |                   INDEX FAST FULL SCAN| ANIMALS_PK     |   114K|   556K|       |    62   (0)| 00:00:01 |       |       |"
"|*221 |               HASH JOIN ANTI          |                | 39999 |   898K|       |  1120   (1)| 00:00:01 |       |       |"
"| 222 |                TABLE ACCESS FULL      | FAMILIES       | 40000 |   390K|       |    27   (0)| 00:00:01 |       |       |"
"| 223 |                VIEW                   |                |   172K|  2191K|       |  1092   (1)| 00:00:01 |       |       |"
"| 224 |                 UNION-ALL             |                |       |       |       |            |          |       |       |"
"| 225 |                  PARTITION LIST ALL   |                |   104K|   204K|       |   514   (1)| 00:00:01 |     1 |     2 |"
"| 226 |                   TABLE ACCESS FULL   | VILLAGERS_LIST |   104K|   204K|       |   514   (1)| 00:00:01 |     1 |     2 |"
"|*227 |                  HASH JOIN RIGHT ANTI |                | 68069 |   598K|       |   577   (1)| 00:00:01 |       |       |"
"| 228 |                   PARTITION LIST ALL  |                | 59484 |   232K|       |   514   (1)| 00:00:01 |     1 |     2 |"
"|*229 |                    TABLE ACCESS FULL  | VILLAGERS_LIST | 59484 |   232K|       |   514   (1)| 00:00:01 |     1 |     2 |"
"| 230 |                   INDEX FAST FULL SCAN| ANIMALS_PK     |   114K|   556K|       |    62   (0)| 00:00:01 |       |       |"
"|*231 |    TABLE ACCESS BY INDEX ROWID        | ANIMALS        |     1 |    24 |       |     2   (0)| 00:00:01 |       |       |"
"|*232 |     INDEX UNIQUE SCAN                 | ANIMALS_PK     |     1 |       |       |     1   (0)| 00:00:01 |       |       |"
"| 233 |    SORT AGGREGATE                     |                |     1 |     3 |       |            |          |       |       |"
"| 234 |     TABLE ACCESS FULL                 | LOCATIONS      | 70200 |   205K|       |   102   (0)| 00:00:01 |       |       |"
"--------------------------------------------------------------------------------------------------------------------------------"
" "
"Predicate Information (identified by operation id):"
"---------------------------------------------------"
" "
"   2 - filter(""VILLAGERS_LIST"".""SCHOOL_ID"" IS NOT NULL OR ""VILLAGES"".""POPULARITY"">0.5 OR  EXISTS (SELECT 0 FROM "
"              ""ANIMALS"" ""ANIMALS"" WHERE ""ANIMALS"".""ANIMAL_ID""=:B1 AND ""ANIMALS"".""ANIMAL_NAME"" LIKE 'Gol%' AND "
"              SUBSTR(""ANIMALS"".""ANIMAL_NAME"",7,2)='ey') OR ""LOCATIONS"".""CONDITION"">= (SELECT SUM(""CONDITION"")/COUNT(""CONDITION"") FROM "
"              ""LOCATIONS"" ""LOCATIONS""))"
"   5 - access(""LOCATIONS"".""LOCATION_ID""(+)=""VILLAGES"".""LOCATION_ID"")"
"   9 - access(""VILLAGES"".""VILLAGE_ID""(+)=""HOUSINGS_RANGE"".""VILLAGE_ID"")"
"  13 - access(""HOUSINGS_RANGE"".""HOUSE_ID""(+)=""FAMILIES"".""HOUSE_ID"")"
"  18 - access(""VILLAGERS_LIST"".""FAMILY_ID""=""FAMILIES"".""FAMILY_ID""(+))"
"  25 - access(""ANIMALS"".""ANIMAL_ID""(+)=""VILLAGERS_LIST"".""ANIMAL_ID"")"
"  26 - access(""ANIMALS"".""ANIMAL_ID""=""VILLAGERS_LIST"".""ANIMAL_ID"")"
"  28 - filter(""VILLAGERS_LIST"".""ANIMAL_ID"" IS NOT NULL)"
"  30 - access(""VILLAGERS_LIST"".""FAMILY_ID""=""FAMILIES"".""FAMILY_ID"")"
"  36 - access(""ANIMALS"".""ANIMAL_ID""=""VILLAGERS_LIST"".""ANIMAL_ID"")"
"  38 - filter(""VILLAGERS_LIST"".""ANIMAL_ID"" IS NOT NULL)"
"  40 - access(""HOUSINGS_RANGE"".""HOUSE_ID""=""FAMILIES"".""HOUSE_ID"")"
"  45 - access(""VILLAGERS_LIST"".""FAMILY_ID""=""FAMILIES"".""FAMILY_ID""(+))"
"  51 - access(""ANIMALS"".""ANIMAL_ID""=""VILLAGERS_LIST"".""ANIMAL_ID"")"
"  53 - filter(""VILLAGERS_LIST"".""ANIMAL_ID"" IS NOT NULL)"
"  55 - access(""VILLAGERS_LIST"".""FAMILY_ID""=""FAMILIES"".""FAMILY_ID"")"
"  61 - access(""ANIMALS"".""ANIMAL_ID""=""VILLAGERS_LIST"".""ANIMAL_ID"")"
"  63 - filter(""VILLAGERS_LIST"".""ANIMAL_ID"" IS NOT NULL)"
"  65 - access(""VILLAGES"".""VILLAGE_ID""=""HOUSINGS_RANGE"".""VILLAGE_ID"")"
"  69 - access(""HOUSINGS_RANGE"".""HOUSE_ID""(+)=""FAMILIES"".""HOUSE_ID"")"
"  74 - access(""VILLAGERS_LIST"".""FAMILY_ID""=""FAMILIES"".""FAMILY_ID""(+))"
"  80 - access(""ANIMALS"".""ANIMAL_ID""=""VILLAGERS_LIST"".""ANIMAL_ID"")"
"  82 - filter(""VILLAGERS_LIST"".""ANIMAL_ID"" IS NOT NULL)"
"  84 - access(""VILLAGERS_LIST"".""FAMILY_ID""=""FAMILIES"".""FAMILY_ID"")"
"  90 - access(""ANIMALS"".""ANIMAL_ID""=""VILLAGERS_LIST"".""ANIMAL_ID"")"
"  92 - filter(""VILLAGERS_LIST"".""ANIMAL_ID"" IS NOT NULL)"
"  94 - access(""HOUSINGS_RANGE"".""HOUSE_ID""=""FAMILIES"".""HOUSE_ID"")"
"  99 - access(""VILLAGERS_LIST"".""FAMILY_ID""=""FAMILIES"".""FAMILY_ID""(+))"
" 105 - access(""ANIMALS"".""ANIMAL_ID""=""VILLAGERS_LIST"".""ANIMAL_ID"")"
" 107 - filter(""VILLAGERS_LIST"".""ANIMAL_ID"" IS NOT NULL)"
" 109 - access(""VILLAGERS_LIST"".""FAMILY_ID""=""FAMILIES"".""FAMILY_ID"")"
" 115 - access(""ANIMALS"".""ANIMAL_ID""=""VILLAGERS_LIST"".""ANIMAL_ID"")"
" 117 - filter(""VILLAGERS_LIST"".""ANIMAL_ID"" IS NOT NULL)"
" 119 - access(""LOCATIONS"".""LOCATION_ID""=""VILLAGES"".""LOCATION_ID"")"
" 123 - access(""VILLAGES"".""VILLAGE_ID""(+)=""HOUSINGS_RANGE"".""VILLAGE_ID"")"
" 127 - access(""HOUSINGS_RANGE"".""HOUSE_ID""(+)=""FAMILIES"".""HOUSE_ID"")"
" 132 - access(""VILLAGERS_LIST"".""FAMILY_ID""=""FAMILIES"".""FAMILY_ID""(+))"
" 138 - access(""ANIMALS"".""ANIMAL_ID""=""VILLAGERS_LIST"".""ANIMAL_ID"")"
" 140 - filter(""VILLAGERS_LIST"".""ANIMAL_ID"" IS NOT NULL)"
" 142 - access(""VILLAGERS_LIST"".""FAMILY_ID""=""FAMILIES"".""FAMILY_ID"")"
" 148 - access(""ANIMALS"".""ANIMAL_ID""=""VILLAGERS_LIST"".""ANIMAL_ID"")"
" 150 - filter(""VILLAGERS_LIST"".""ANIMAL_ID"" IS NOT NULL)"
" 152 - access(""HOUSINGS_RANGE"".""HOUSE_ID""=""FAMILIES"".""HOUSE_ID"")"
" 157 - access(""VILLAGERS_LIST"".""FAMILY_ID""=""FAMILIES"".""FAMILY_ID""(+))"
" 163 - access(""ANIMALS"".""ANIMAL_ID""=""VILLAGERS_LIST"".""ANIMAL_ID"")"
" 165 - filter(""VILLAGERS_LIST"".""ANIMAL_ID"" IS NOT NULL)"
" 167 - access(""VILLAGERS_LIST"".""FAMILY_ID""=""FAMILIES"".""FAMILY_ID"")"
" 173 - access(""ANIMALS"".""ANIMAL_ID""=""VILLAGERS_LIST"".""ANIMAL_ID"")"
" 175 - filter(""VILLAGERS_LIST"".""ANIMAL_ID"" IS NOT NULL)"
" 177 - access(""VILLAGES"".""VILLAGE_ID""=""HOUSINGS_RANGE"".""VILLAGE_ID"")"
" 181 - access(""HOUSINGS_RANGE"".""HOUSE_ID""(+)=""FAMILIES"".""HOUSE_ID"")"
" 186 - access(""VILLAGERS_LIST"".""FAMILY_ID""=""FAMILIES"".""FAMILY_ID""(+))"
" 192 - access(""ANIMALS"".""ANIMAL_ID""=""VILLAGERS_LIST"".""ANIMAL_ID"")"
" 194 - filter(""VILLAGERS_LIST"".""ANIMAL_ID"" IS NOT NULL)"
" 196 - access(""VILLAGERS_LIST"".""FAMILY_ID""=""FAMILIES"".""FAMILY_ID"")"
" 202 - access(""ANIMALS"".""ANIMAL_ID""=""VILLAGERS_LIST"".""ANIMAL_ID"")"
" 204 - filter(""VILLAGERS_LIST"".""ANIMAL_ID"" IS NOT NULL)"
" 206 - access(""HOUSINGS_RANGE"".""HOUSE_ID""=""FAMILIES"".""HOUSE_ID"")"
" 211 - access(""VILLAGERS_LIST"".""FAMILY_ID""=""FAMILIES"".""FAMILY_ID""(+))"
" 217 - access(""ANIMALS"".""ANIMAL_ID""=""VILLAGERS_LIST"".""ANIMAL_ID"")"
" 219 - filter(""VILLAGERS_LIST"".""ANIMAL_ID"" IS NOT NULL)"
" 221 - access(""VILLAGERS_LIST"".""FAMILY_ID""=""FAMILIES"".""FAMILY_ID"")"
" 227 - access(""ANIMALS"".""ANIMAL_ID""=""VILLAGERS_LIST"".""ANIMAL_ID"")"
" 229 - filter(""VILLAGERS_LIST"".""ANIMAL_ID"" IS NOT NULL)"
" 231 - filter(""ANIMALS"".""ANIMAL_NAME"" LIKE 'Gol%' AND SUBSTR(""ANIMALS"".""ANIMAL_NAME"",7,2)='ey')"
" 232 - access(""ANIMALS"".""ANIMAL_ID""=:B1)"
